This is pdfTeX, Version 3.14159265-2.6-1.40.19 (MiKTeX 2.9.6630 64-bit) (preloaded format=pdflatex 2018.3.27)  3 SEP 2018 08:41
entering extended mode
**./main.tex
(main.tex
LaTeX2e <2017-04-15>
Babel <3.18> and hyphenation patterns for 75 language(s) loaded.
("C:\Users\Yirz\AppData\Local\Programs\MiKTeX 2.9\tex\latex\base\article.cls"
Document Class: article 2014/09/29 v1.4h Standard LaTeX document class
("C:\Users\Yirz\AppData\Local\Programs\MiKTeX 2.9\tex\latex\base\size12.clo"
File: size12.clo 2014/09/29 v1.4h Standard LaTeX file (size option)
)
\c@part=\count79
\c@section=\count80
\c@subsection=\count81
\c@subsubsection=\count82
\c@paragraph=\count83
\c@subparagraph=\count84
\c@figure=\count85
\c@table=\count86
\abovecaptionskip=\skip41
\belowcaptionskip=\skip42
\bibindent=\dimen102
)
("C:\Users\Yirz\AppData\Local\Programs\MiKTeX 2.9\tex\latex\base\inputenc.sty"
Package: inputenc 2015/03/17 v1.2c Input encoding file
\inpenc@prehook=\toks14
\inpenc@posthook=\toks15

("C:\Users\Yirz\AppData\Local\Programs\MiKTeX 2.9\tex\latex\base\utf8.def"
File: utf8.def 2017/01/28 v1.1t UTF-8 support for inputenc
Now handling font encoding OML ...
... no UTF-8 mapping file for font encoding OML
Now handling font encoding T1 ...
... processing UTF-8 mapping file for font encoding T1

("C:\Users\Yirz\AppData\Local\Programs\MiKTeX 2.9\tex\latex\base\t1enc.dfu"
File: t1enc.dfu 2017/01/28 v1.1t UTF-8 support for inputenc
   defining Unicode char U+00A0 (decimal 160)
   defining Unicode char U+00A1 (decimal 161)
   defining Unicode char U+00A3 (decimal 163)
   defining Unicode char U+00AB (decimal 171)
   defining Unicode char U+00AD (decimal 173)
   defining Unicode char U+00BB (decimal 187)
   defining Unicode char U+00BF (decimal 191)
   defining Unicode char U+00C0 (decimal 192)
   defining Unicode char U+00C1 (decimal 193)
   defining Unicode char U+00C2 (decimal 194)
   defining Unicode char U+00C3 (decimal 195)
   defining Unicode char U+00C4 (decimal 196)
   defining Unicode char U+00C5 (decimal 197)
   defining Unicode char U+00C6 (decimal 198)
   defining Unicode char U+00C7 (decimal 199)
   defining Unicode char U+00C8 (decimal 200)
   defining Unicode char U+00C9 (decimal 201)
   defining Unicode char U+00CA (decimal 202)
   defining Unicode char U+00CB (decimal 203)
   defining Unicode char U+00CC (decimal 204)
   defining Unicode char U+00CD (decimal 205)
   defining Unicode char U+00CE (decimal 206)
   defining Unicode char U+00CF (decimal 207)
   defining Unicode char U+00D0 (decimal 208)
   defining Unicode char U+00D1 (decimal 209)
   defining Unicode char U+00D2 (decimal 210)
   defining Unicode char U+00D3 (decimal 211)
   defining Unicode char U+00D4 (decimal 212)
   defining Unicode char U+00D5 (decimal 213)
   defining Unicode char U+00D6 (decimal 214)
   defining Unicode char U+00D8 (decimal 216)
   defining Unicode char U+00D9 (decimal 217)
   defining Unicode char U+00DA (decimal 218)
   defining Unicode char U+00DB (decimal 219)
   defining Unicode char U+00DC (decimal 220)
   defining Unicode char U+00DD (decimal 221)
   defining Unicode char U+00DE (decimal 222)
   defining Unicode char U+00DF (decimal 223)
   defining Unicode char U+00E0 (decimal 224)
   defining Unicode char U+00E1 (decimal 225)
   defining Unicode char U+00E2 (decimal 226)
   defining Unicode char U+00E3 (decimal 227)
   defining Unicode char U+00E4 (decimal 228)
   defining Unicode char U+00E5 (decimal 229)
   defining Unicode char U+00E6 (decimal 230)
   defining Unicode char U+00E7 (decimal 231)
   defining Unicode char U+00E8 (decimal 232)
   defining Unicode char U+00E9 (decimal 233)
   defining Unicode char U+00EA (decimal 234)
   defining Unicode char U+00EB (decimal 235)
   defining Unicode char U+00EC (decimal 236)
   defining Unicode char U+00ED (decimal 237)
   defining Unicode char U+00EE (decimal 238)
   defining Unicode char U+00EF (decimal 239)
   defining Unicode char U+00F0 (decimal 240)
   defining Unicode char U+00F1 (decimal 241)
   defining Unicode char U+00F2 (decimal 242)
   defining Unicode char U+00F3 (decimal 243)
   defining Unicode char U+00F4 (decimal 244)
   defining Unicode char U+00F5 (decimal 245)
   defining Unicode char U+00F6 (decimal 246)
   defining Unicode char U+00F8 (decimal 248)
   defining Unicode char U+00F9 (decimal 249)
   defining Unicode char U+00FA (decimal 250)
   defining Unicode char U+00FB (decimal 251)
   defining Unicode char U+00FC (decimal 252)
   defining Unicode char U+00FD (decimal 253)
   defining Unicode char U+00FE (decimal 254)
   defining Unicode char U+00FF (decimal 255)
   defining Unicode char U+0100 (decimal 256)
   defining Unicode char U+0101 (decimal 257)
   defining Unicode char U+0102 (decimal 258)
   defining Unicode char U+0103 (decimal 259)
   defining Unicode char U+0104 (decimal 260)
   defining Unicode char U+0105 (decimal 261)
   defining Unicode char U+0106 (decimal 262)
   defining Unicode char U+0107 (decimal 263)
   defining Unicode char U+0108 (decimal 264)
   defining Unicode char U+0109 (decimal 265)
   defining Unicode char U+010A (decimal 266)
   defining Unicode char U+010B (decimal 267)
   defining Unicode char U+010C (decimal 268)
   defining Unicode char U+010D (decimal 269)
   defining Unicode char U+010E (decimal 270)
   defining Unicode char U+010F (decimal 271)
   defining Unicode char U+0110 (decimal 272)
   defining Unicode char U+0111 (decimal 273)
   defining Unicode char U+0112 (decimal 274)
   defining Unicode char U+0113 (decimal 275)
   defining Unicode char U+0114 (decimal 276)
   defining Unicode char U+0115 (decimal 277)
   defining Unicode char U+0116 (decimal 278)
   defining Unicode char U+0117 (decimal 279)
   defining Unicode char U+0118 (decimal 280)
   defining Unicode char U+0119 (decimal 281)
   defining Unicode char U+011A (decimal 282)
   defining Unicode char U+011B (decimal 283)
   defining Unicode char U+011C (decimal 284)
   defining Unicode char U+011D (decimal 285)
   defining Unicode char U+011E (decimal 286)
   defining Unicode char U+011F (decimal 287)
   defining Unicode char U+0120 (decimal 288)
   defining Unicode char U+0121 (decimal 289)
   defining Unicode char U+0122 (decimal 290)
   defining Unicode char U+0123 (decimal 291)
   defining Unicode char U+0124 (decimal 292)
   defining Unicode char U+0125 (decimal 293)
   defining Unicode char U+0128 (decimal 296)
   defining Unicode char U+0129 (decimal 297)
   defining Unicode char U+012A (decimal 298)
   defining Unicode char U+012B (decimal 299)
   defining Unicode char U+012C (decimal 300)
   defining Unicode char U+012D (decimal 301)
   defining Unicode char U+012E (decimal 302)
   defining Unicode char U+012F (decimal 303)
   defining Unicode char U+0130 (decimal 304)
   defining Unicode char U+0131 (decimal 305)
   defining Unicode char U+0132 (decimal 306)
   defining Unicode char U+0133 (decimal 307)
   defining Unicode char U+0134 (decimal 308)
   defining Unicode char U+0135 (decimal 309)
   defining Unicode char U+0136 (decimal 310)
   defining Unicode char U+0137 (decimal 311)
   defining Unicode char U+0139 (decimal 313)
   defining Unicode char U+013A (decimal 314)
   defining Unicode char U+013B (decimal 315)
   defining Unicode char U+013C (decimal 316)
   defining Unicode char U+013D (decimal 317)
   defining Unicode char U+013E (decimal 318)
   defining Unicode char U+0141 (decimal 321)
   defining Unicode char U+0142 (decimal 322)
   defining Unicode char U+0143 (decimal 323)
   defining Unicode char U+0144 (decimal 324)
   defining Unicode char U+0145 (decimal 325)
   defining Unicode char U+0146 (decimal 326)
   defining Unicode char U+0147 (decimal 327)
   defining Unicode char U+0148 (decimal 328)
   defining Unicode char U+014A (decimal 330)
   defining Unicode char U+014B (decimal 331)
   defining Unicode char U+014C (decimal 332)
   defining Unicode char U+014D (decimal 333)
   defining Unicode char U+014E (decimal 334)
   defining Unicode char U+014F (decimal 335)
   defining Unicode char U+0150 (decimal 336)
   defining Unicode char U+0151 (decimal 337)
   defining Unicode char U+0152 (decimal 338)
   defining Unicode char U+0153 (decimal 339)
   defining Unicode char U+0154 (decimal 340)
   defining Unicode char U+0155 (decimal 341)
   defining Unicode char U+0156 (decimal 342)
   defining Unicode char U+0157 (decimal 343)
   defining Unicode char U+0158 (decimal 344)
   defining Unicode char U+0159 (decimal 345)
   defining Unicode char U+015A (decimal 346)
   defining Unicode char U+015B (decimal 347)
   defining Unicode char U+015C (decimal 348)
   defining Unicode char U+015D (decimal 349)
   defining Unicode char U+015E (decimal 350)
   defining Unicode char U+015F (decimal 351)
   defining Unicode char U+0160 (decimal 352)
   defining Unicode char U+0161 (decimal 353)
   defining Unicode char U+0162 (decimal 354)
   defining Unicode char U+0163 (decimal 355)
   defining Unicode char U+0164 (decimal 356)
   defining Unicode char U+0165 (decimal 357)
   defining Unicode char U+0168 (decimal 360)
   defining Unicode char U+0169 (decimal 361)
   defining Unicode char U+016A (decimal 362)
   defining Unicode char U+016B (decimal 363)
   defining Unicode char U+016C (decimal 364)
   defining Unicode char U+016D (decimal 365)
   defining Unicode char U+016E (decimal 366)
   defining Unicode char U+016F (decimal 367)
   defining Unicode char U+0170 (decimal 368)
   defining Unicode char U+0171 (decimal 369)
   defining Unicode char U+0172 (decimal 370)
   defining Unicode char U+0173 (decimal 371)
   defining Unicode char U+0174 (decimal 372)
   defining Unicode char U+0175 (decimal 373)
   defining Unicode char U+0176 (decimal 374)
   defining Unicode char U+0177 (decimal 375)
   defining Unicode char U+0178 (decimal 376)
   defining Unicode char U+0179 (decimal 377)
   defining Unicode char U+017A (decimal 378)
   defining Unicode char U+017B (decimal 379)
   defining Unicode char U+017C (decimal 380)
   defining Unicode char U+017D (decimal 381)
   defining Unicode char U+017E (decimal 382)
   defining Unicode char U+01CD (decimal 461)
   defining Unicode char U+01CE (decimal 462)
   defining Unicode char U+01CF (decimal 463)
   defining Unicode char U+01D0 (decimal 464)
   defining Unicode char U+01D1 (decimal 465)
   defining Unicode char U+01D2 (decimal 466)
   defining Unicode char U+01D3 (decimal 467)
   defining Unicode char U+01D4 (decimal 468)
   defining Unicode char U+01E2 (decimal 482)
   defining Unicode char U+01E3 (decimal 483)
   defining Unicode char U+01E6 (decimal 486)
   defining Unicode char U+01E7 (decimal 487)
   defining Unicode char U+01E8 (decimal 488)
   defining Unicode char U+01E9 (decimal 489)
   defining Unicode char U+01EA (decimal 490)
   defining Unicode char U+01EB (decimal 491)
   defining Unicode char U+01F0 (decimal 496)
   defining Unicode char U+01F4 (decimal 500)
   defining Unicode char U+01F5 (decimal 501)
   defining Unicode char U+0218 (decimal 536)
   defining Unicode char U+0219 (decimal 537)
   defining Unicode char U+021A (decimal 538)
   defining Unicode char U+021B (decimal 539)
   defining Unicode char U+0232 (decimal 562)
   defining Unicode char U+0233 (decimal 563)
   defining Unicode char U+1E02 (decimal 7682)
   defining Unicode char U+1E03 (decimal 7683)
   defining Unicode char U+200C (decimal 8204)
   defining Unicode char U+2010 (decimal 8208)
   defining Unicode char U+2011 (decimal 8209)
   defining Unicode char U+2012 (decimal 8210)
   defining Unicode char U+2013 (decimal 8211)
   defining Unicode char U+2014 (decimal 8212)
   defining Unicode char U+2015 (decimal 8213)
   defining Unicode char U+2018 (decimal 8216)
   defining Unicode char U+2019 (decimal 8217)
   defining Unicode char U+201A (decimal 8218)
   defining Unicode char U+201C (decimal 8220)
   defining Unicode char U+201D (decimal 8221)
   defining Unicode char U+201E (decimal 8222)
   defining Unicode char U+2030 (decimal 8240)
   defining Unicode char U+2031 (decimal 8241)
   defining Unicode char U+2039 (decimal 8249)
   defining Unicode char U+203A (decimal 8250)
   defining Unicode char U+2423 (decimal 9251)
   defining Unicode char U+1E20 (decimal 7712)
   defining Unicode char U+1E21 (decimal 7713)
)
Now handling font encoding OT1 ...
... processing UTF-8 mapping file for font encoding OT1

("C:\Users\Yirz\AppData\Local\Programs\MiKTeX 2.9\tex\latex\base\ot1enc.dfu"
File: ot1enc.dfu 2017/01/28 v1.1t UTF-8 support for inputenc
   defining Unicode char U+00A0 (decimal 160)
   defining Unicode char U+00A1 (decimal 161)
   defining Unicode char U+00A3 (decimal 163)
   defining Unicode char U+00AD (decimal 173)
   defining Unicode char U+00B8 (decimal 184)
   defining Unicode char U+00BF (decimal 191)
   defining Unicode char U+00C5 (decimal 197)
   defining Unicode char U+00C6 (decimal 198)
   defining Unicode char U+00D8 (decimal 216)
   defining Unicode char U+00DF (decimal 223)
   defining Unicode char U+00E6 (decimal 230)
   defining Unicode char U+00EC (decimal 236)
   defining Unicode char U+00ED (decimal 237)
   defining Unicode char U+00EE (decimal 238)
   defining Unicode char U+00EF (decimal 239)
   defining Unicode char U+00F8 (decimal 248)
   defining Unicode char U+0131 (decimal 305)
   defining Unicode char U+0141 (decimal 321)
   defining Unicode char U+0142 (decimal 322)
   defining Unicode char U+0152 (decimal 338)
   defining Unicode char U+0153 (decimal 339)
   defining Unicode char U+0174 (decimal 372)
   defining Unicode char U+0175 (decimal 373)
   defining Unicode char U+0176 (decimal 374)
   defining Unicode char U+0177 (decimal 375)
   defining Unicode char U+0218 (decimal 536)
   defining Unicode char U+0219 (decimal 537)
   defining Unicode char U+021A (decimal 538)
   defining Unicode char U+021B (decimal 539)
   defining Unicode char U+2013 (decimal 8211)
   defining Unicode char U+2014 (decimal 8212)
   defining Unicode char U+2018 (decimal 8216)
   defining Unicode char U+2019 (decimal 8217)
   defining Unicode char U+201C (decimal 8220)
   defining Unicode char U+201D (decimal 8221)
)
Now handling font encoding OMS ...
... processing UTF-8 mapping file for font encoding OMS

("C:\Users\Yirz\AppData\Local\Programs\MiKTeX 2.9\tex\latex\base\omsenc.dfu"
File: omsenc.dfu 2017/01/28 v1.1t UTF-8 support for inputenc
   defining Unicode char U+00A7 (decimal 167)
   defining Unicode char U+00B6 (decimal 182)
   defining Unicode char U+00B7 (decimal 183)
   defining Unicode char U+2020 (decimal 8224)
   defining Unicode char U+2021 (decimal 8225)
   defining Unicode char U+2022 (decimal 8226)
)
Now handling font encoding OMX ...
... no UTF-8 mapping file for font encoding OMX
Now handling font encoding U ...
... no UTF-8 mapping file for font encoding U
   defining Unicode char U+00A9 (decimal 169)
   defining Unicode char U+00AA (decimal 170)
   defining Unicode char U+00AE (decimal 174)
   defining Unicode char U+00BA (decimal 186)
   defining Unicode char U+02C6 (decimal 710)
   defining Unicode char U+02DC (decimal 732)
   defining Unicode char U+200C (decimal 8204)
   defining Unicode char U+2026 (decimal 8230)
   defining Unicode char U+2122 (decimal 8482)
   defining Unicode char U+2423 (decimal 9251)
)) ("C:\Users\Yirz\AppData\Local\Programs\MiKTeX 2.9\tex\generic\babel\babel.st
y"
Package: babel 2018/02/14 3.18 The Babel package
("C:\Users\Yirz\AppData\Local\Programs\MiKTeX 2.9\tex\generic\babel\switch.def"
File: switch.def 2018/02/14 3.18 Babel switching mechanism
)
*************************************
* Local config file bblopts.cfg used
*
("C:\Users\Yirz\AppData\Local\Programs\MiKTeX 2.9\tex\latex\arabi\bblopts.cfg"
File: bblopts.cfg 2005/09/08 v0.1 add Arabic and Farsi to "declared" options of
 babel
)
("C:\Users\Yirz\AppData\Local\Programs\MiKTeX 2.9\tex\latex\babel-spanish\spani
sh.ldf"
Language: spanish.ldf 2016/03/03 v5.0p Spanish support from the babel system

("C:\Users\Yirz\AppData\Local\Programs\MiKTeX 2.9\tex\generic\babel\babel.def"
File: babel.def 2018/02/14 3.18 Babel common definitions
\babel@savecnt=\count87
\U@D=\dimen103

("C:\Users\Yirz\AppData\Local\Programs\MiKTeX 2.9\tex\generic\babel\txtbabel.de
f")
\bbl@dirlevel=\count88
)
\es@quottoks=\toks16
\es@quotdepth=\count89
Package babel Info: Making " an active character on input line 561.
Package babel Info: Making . an active character on input line 662.
Package babel Info: Making < an active character on input line 707.
Package babel Info: Making > an active character on input line 707.
))
("C:\Users\Yirz\AppData\Local\Programs\MiKTeX 2.9\tex\latex\amsmath\amsmath.sty
"
Package: amsmath 2017/09/02 v2.17a AMS math features
\@mathmargin=\skip43

For additional information on amsmath, use the `?' option.
("C:\Users\Yirz\AppData\Local\Programs\MiKTeX 2.9\tex\latex\amsmath\amstext.sty
"
Package: amstext 2000/06/29 v2.01 AMS text
 ("C:\Users\Yirz\AppData\Local\Programs\MiKTeX 2.9\tex\latex\amsmath\amsgen.sty
"
File: amsgen.sty 1999/11/30 v2.0 generic functions
\@emptytoks=\toks17
\ex@=\dimen104
))
("C:\Users\Yirz\AppData\Local\Programs\MiKTeX 2.9\tex\latex\amsmath\amsbsy.sty"
Package: amsbsy 1999/11/29 v1.2d Bold Symbols
\pmbraise@=\dimen105
) ("C:\Users\Yirz\AppData\Local\Programs\MiKTeX 2.9\tex\latex\amsmath\amsopn.st
y"
Package: amsopn 2016/03/08 v2.02 operator names
)
\inf@bad=\count90
LaTeX Info: Redefining \frac on input line 213.
\uproot@=\count91
\leftroot@=\count92
LaTeX Info: Redefining \overline on input line 375.
\classnum@=\count93
\DOTSCASE@=\count94
LaTeX Info: Redefining \ldots on input line 472.
LaTeX Info: Redefining \dots on input line 475.
LaTeX Info: Redefining \cdots on input line 596.
\Mathstrutbox@=\box26
\strutbox@=\box27
\big@size=\dimen106
LaTeX Font Info:    Redeclaring font encoding OML on input line 712.
LaTeX Font Info:    Redeclaring font encoding OMS on input line 713.
\macc@depth=\count95
\c@MaxMatrixCols=\count96
\dotsspace@=\muskip10
\c@parentequation=\count97
\dspbrk@lvl=\count98
\tag@help=\toks18
\row@=\count99
\column@=\count100
\maxfields@=\count101
\andhelp@=\toks19
\eqnshift@=\dimen107
\alignsep@=\dimen108
\tagshift@=\dimen109
\tagwidth@=\dimen110
\totwidth@=\dimen111
\lineht@=\dimen112
\@envbody=\toks20
\multlinegap=\skip44
\multlinetaggap=\skip45
\mathdisplay@stack=\toks21
LaTeX Info: Redefining \[ on input line 2817.
LaTeX Info: Redefining \] on input line 2818.
)
("C:\Users\Yirz\AppData\Local\Programs\MiKTeX 2.9\tex\latex\amscls\amsthm.sty"
Package: amsthm 2017/10/31 v2.20.4
\thm@style=\toks22
\thm@bodyfont=\toks23
\thm@headfont=\toks24
\thm@notefont=\toks25
\thm@headpunct=\toks26
\thm@preskip=\skip46
\thm@postskip=\skip47
\thm@headsep=\skip48
\dth@everypar=\toks27
)
("C:\Users\Yirz\AppData\Local\Programs\MiKTeX 2.9\tex\latex\amsfonts\amssymb.st
y"
Package: amssymb 2013/01/14 v3.01 AMS font symbols

("C:\Users\Yirz\AppData\Local\Programs\MiKTeX 2.9\tex\latex\amsfonts\amsfonts.s
ty"
Package: amsfonts 2013/01/14 v3.01 Basic AMSFonts support
\symAMSa=\mathgroup4
\symAMSb=\mathgroup5
LaTeX Font Info:    Overwriting math alphabet `\mathfrak' in version `bold'
(Font)                  U/euf/m/n --> U/euf/b/n on input line 106.
))
("C:\Users\Yirz\AppData\Local\Programs\MiKTeX 2.9\tex\latex\graphics\graphicx.s
ty"
Package: graphicx 2017/06/01 v1.1a Enhanced LaTeX Graphics (DPC,SPQR)

("C:\Users\Yirz\AppData\Local\Programs\MiKTeX 2.9\tex\latex\graphics\keyval.sty
"
Package: keyval 2014/10/28 v1.15 key=value parser (DPC)
\KV@toks@=\toks28
)
("C:\Users\Yirz\AppData\Local\Programs\MiKTeX 2.9\tex\latex\graphics\graphics.s
ty"
Package: graphics 2017/06/25 v1.2c Standard LaTeX Graphics (DPC,SPQR)

("C:\Users\Yirz\AppData\Local\Programs\MiKTeX 2.9\tex\latex\graphics\trig.sty"
Package: trig 2016/01/03 v1.10 sin cos tan (DPC)
)
("C:\Users\Yirz\AppData\Local\Programs\MiKTeX 2.9\tex\latex\graphics-cfg\graphi
cs.cfg"
File: graphics.cfg 2016/06/04 v1.11 sample graphics configuration
)
Package graphics Info: Driver file: pdftex.def on input line 99.

("C:\Users\Yirz\AppData\Local\Programs\MiKTeX 2.9\tex\latex\graphics-def\pdftex
.def"
File: pdftex.def 2018/01/08 v1.0l Graphics/color driver for pdftex
))
\Gin@req@height=\dimen113
\Gin@req@width=\dimen114
)
("C:\Users\Yirz\AppData\Local\Programs\MiKTeX 2.9\tex\latex\geometry\geometry.s
ty"
Package: geometry 2010/09/12 v5.6 Page Geometry

("C:\Users\Yirz\AppData\Local\Programs\MiKTeX 2.9\tex\generic\oberdiek\ifpdf.st
y"
Package: ifpdf 2017/03/15 v3.2 Provides the ifpdf switch
)
("C:\Users\Yirz\AppData\Local\Programs\MiKTeX 2.9\tex\generic\oberdiek\ifvtex.s
ty"
Package: ifvtex 2016/05/16 v1.6 Detect VTeX and its facilities (HO)
Package ifvtex Info: VTeX not detected.
)
("C:\Users\Yirz\AppData\Local\Programs\MiKTeX 2.9\tex\generic\ifxetex\ifxetex.s
ty"
Package: ifxetex 2010/09/12 v0.6 Provides ifxetex conditional
)
\Gm@cnth=\count102
\Gm@cntv=\count103
\c@Gm@tempcnt=\count104
\Gm@bindingoffset=\dimen115
\Gm@wd@mp=\dimen116
\Gm@odd@mp=\dimen117
\Gm@even@mp=\dimen118
\Gm@layoutwidth=\dimen119
\Gm@layoutheight=\dimen120
\Gm@layouthoffset=\dimen121
\Gm@layoutvoffset=\dimen122
\Gm@dimlist=\toks29

("C:\Users\Yirz\AppData\Local\Programs\MiKTeX 2.9\tex\latex\geometry\geometry.c
fg"))
("C:\Users\Yirz\AppData\Local\Programs\MiKTeX 2.9\tex\latex\fancyhdr\fancyhdr.s
ty"
Package: fancyhdr 2017/06/30 v3.9a Extensive control of page headers and footer
s
\f@nch@headwidth=\skip49
\f@nch@O@elh=\skip50
\f@nch@O@erh=\skip51
\f@nch@O@olh=\skip52
\f@nch@O@orh=\skip53
\f@nch@O@elf=\skip54
\f@nch@O@erf=\skip55
\f@nch@O@olf=\skip56
\f@nch@O@orf=\skip57
)
("C:\Users\Yirz\AppData\Local\Programs\MiKTeX 2.9\tex\latex\enumitem\enumitem.s
ty"
Package: enumitem 2011/09/28 v3.5.2 Customized lists
\labelindent=\skip58
\enit@outerparindent=\dimen123
\enit@toks=\toks30
\enit@inbox=\box28
\enitdp@description=\count105
) ("C:\Users\Yirz\AppData\Local\Programs\MiKTeX 2.9\tex\latex\float\float.sty"
Package: float 2001/11/08 v1.3d Float enhancements (AL)
\c@float@type=\count106
\float@exts=\toks31
\float@box=\box29
\@float@everytoks=\toks32
\@floatcapt=\box30
)
("C:\Users\Yirz\AppData\Local\Programs\MiKTeX 2.9\tex\latex\cancel\cancel.sty"
Package: cancel 2013/04/12 v2.2 Cancel math terms
) ("C:\Users\Yirz\AppData\Local\Programs\MiKTeX 2.9\tex\latex\bigints\bigints.s
ty"
Package: bigints 2010/02/15 Writing big integrals
Package bigints Info: This is Bigints by Merciadri Luca. on input line 5.
)
("C:\Users\Yirz\AppData\Local\Programs\MiKTeX 2.9\tex\latex\graphics\color.sty"
Package: color 2016/07/10 v1.1e Standard LaTeX Color (DPC)

("C:\Users\Yirz\AppData\Local\Programs\MiKTeX 2.9\tex\latex\graphics-cfg\color.
cfg"
File: color.cfg 2016/01/02 v1.6 sample color configuration
)
Package color Info: Driver file: pdftex.def on input line 147.
)
("C:\Users\Yirz\AppData\Local\Programs\MiKTeX 2.9\tex\latex\xcolor\xcolor.sty"
Package: xcolor 2016/05/11 v2.12 LaTeX color extensions (UK)

("C:\Users\Yirz\AppData\Local\Programs\MiKTeX 2.9\tex\latex\graphics-cfg\color.
cfg"
File: color.cfg 2016/01/02 v1.6 sample color configuration
)
Package xcolor Info: Driver file: pdftex.def on input line 225.
LaTeX Info: Redefining \color on input line 709.
Package xcolor Info: Model `cmy' substituted by `cmy0' on input line 1348.
Package xcolor Info: Model `hsb' substituted by `rgb' on input line 1352.
Package xcolor Info: Model `RGB' extended on input line 1364.
Package xcolor Info: Model `HTML' substituted by `rgb' on input line 1366.
Package xcolor Info: Model `Hsb' substituted by `hsb' on input line 1367.
Package xcolor Info: Model `tHsb' substituted by `hsb' on input line 1368.
Package xcolor Info: Model `HSB' substituted by `hsb' on input line 1369.
Package xcolor Info: Model `Gray' substituted by `gray' on input line 1370.
Package xcolor Info: Model `wave' substituted by `hsb' on input line 1371.
)
("C:\Users\Yirz\AppData\Local\Programs\MiKTeX 2.9\tex\latex\listings\listings.s
ty"
\lst@mode=\count107
\lst@gtempboxa=\box31
\lst@token=\toks33
\lst@length=\count108
\lst@currlwidth=\dimen124
\lst@column=\count109
\lst@pos=\count110
\lst@lostspace=\dimen125
\lst@width=\dimen126
\lst@newlines=\count111
\lst@lineno=\count112
\lst@maxwidth=\dimen127

("C:\Users\Yirz\AppData\Local\Programs\MiKTeX 2.9\tex\latex\listings\lstmisc.st
y"
File: lstmisc.sty 2015/06/04 1.6 (Carsten Heinz)
\c@lstnumber=\count113
\lst@skipnumbers=\count114
\lst@framebox=\box32
)
("C:\Users\Yirz\AppData\Local\Programs\MiKTeX 2.9\tex\latex\listings\listings.c
fg"
File: listings.cfg 2015/06/04 1.6 listings configuration
))
Package: listings 2015/06/04 1.6 (Carsten Heinz)

("C:\Users\Yirz\AppData\Local\Programs\MiKTeX 2.9\tex\latex\oberdiek\listingsut
f8.sty"
Package: listingsutf8 2016/05/16 v1.3 Allow UTF-8 in listings input (HO)

("C:\Users\Yirz\AppData\Local\Programs\MiKTeX 2.9\tex\generic\oberdiek\pdftexcm
ds.sty"
Package: pdftexcmds 2018/01/21 v0.26 Utility functions of pdfTeX for LuaTeX (HO
)

("C:\Users\Yirz\AppData\Local\Programs\MiKTeX 2.9\tex\generic\oberdiek\infwarer
r.sty"
Package: infwarerr 2016/05/16 v1.4 Providing info/warning/error messages (HO)
)
("C:\Users\Yirz\AppData\Local\Programs\MiKTeX 2.9\tex\generic\oberdiek\ifluatex
.sty"
Package: ifluatex 2016/05/16 v1.4 Provides the ifluatex switch (HO)
Package ifluatex Info: LuaTeX not detected.
)
("C:\Users\Yirz\AppData\Local\Programs\MiKTeX 2.9\tex\generic\oberdiek\ltxcmds.
sty"
Package: ltxcmds 2016/05/16 v1.23 LaTeX kernel commands for general use (HO)
)
Package pdftexcmds Info: LuaTeX not detected.
Package pdftexcmds Info: \pdf@primitive is available.
Package pdftexcmds Info: \pdf@ifprimitive is available.
Package pdftexcmds Info: \pdfdraftmode found.
)
("C:\Users\Yirz\AppData\Local\Programs\MiKTeX 2.9\tex\generic\oberdiek\stringen
c.sty"
Package: stringenc 2016/05/16 v1.11 Convert strings between diff. encodings (HO
)

("C:\Users\Yirz\AppData\Local\Programs\MiKTeX 2.9\tex\generic\oberdiek\pdfescap
e.sty"
Package: pdfescape 2016/05/16 v1.14 Implements pdfTeX's escape features (HO)
)))
("C:\Users\Yirz\AppData\Local\Programs\MiKTeX 2.9\tex\latex\algorithms\algorith
m.sty"
Package: algorithm 2009/08/24 v0.1 Document Style `algorithm' - floating enviro
nment

("C:\Users\Yirz\AppData\Local\Programs\MiKTeX 2.9\tex\latex\base\ifthen.sty"
Package: ifthen 2014/09/29 v1.1c Standard LaTeX ifthen package (DPC)
)
\@float@every@algorithm=\toks34
\c@algorithm=\count115
)
("C:\Users\Yirz\AppData\Local\Programs\MiKTeX 2.9\tex\latex\tocloft\tocloft.sty
"
Package: tocloft 2017/08/31 v2.3i parameterised ToC, etc., typesetting
Package tocloft Info: The document has section divisions on input line 51.
\cftparskip=\skip59
\cftbeforetoctitleskip=\skip60
\cftaftertoctitleskip=\skip61
\cftbeforepartskip=\skip62
\cftpartnumwidth=\skip63
\cftpartindent=\skip64
\cftbeforesecskip=\skip65
\cftsecindent=\skip66
\cftsecnumwidth=\skip67
\cftbeforesubsecskip=\skip68
\cftsubsecindent=\skip69
\cftsubsecnumwidth=\skip70
\cftbeforesubsubsecskip=\skip71
\cftsubsubsecindent=\skip72
\cftsubsubsecnumwidth=\skip73
\cftbeforeparaskip=\skip74
\cftparaindent=\skip75
\cftparanumwidth=\skip76
\cftbeforesubparaskip=\skip77
\cftsubparaindent=\skip78
\cftsubparanumwidth=\skip79
\cftbeforeloftitleskip=\skip80
\cftafterloftitleskip=\skip81
\cftbeforefigskip=\skip82
\cftfigindent=\skip83
\cftfignumwidth=\skip84
\c@lofdepth=\count116
\c@lotdepth=\count117
\cftbeforelottitleskip=\skip85
\cftafterlottitleskip=\skip86
\cftbeforetabskip=\skip87
\cfttabindent=\skip88
\cfttabnumwidth=\skip89
)
("C:\Users\Yirz\AppData\Local\Programs\MiKTeX 2.9\tex\latex\hyphenat\hyphenat.s
ty"
Package: hyphenat 2009/09/02 v2.3c hyphenation utilities
\langwohyphens=\language76
LaTeX Info: Redefining \_ on input line 43.
)
("C:\Users\Yirz\AppData\Local\Programs\MiKTeX 2.9\tex\latex\oberdiek\grffile.st
y"
Package: grffile 2017/06/30 v1.18 Extended file name support for graphics (HO)

("C:\Users\Yirz\AppData\Local\Programs\MiKTeX 2.9\tex\latex\oberdiek\kvoptions.
sty"
Package: kvoptions 2016/05/16 v3.12 Key value format for package options (HO)

("C:\Users\Yirz\AppData\Local\Programs\MiKTeX 2.9\tex\generic\oberdiek\kvsetkey
s.sty"
Package: kvsetkeys 2016/05/16 v1.17 Key value parser (HO)

("C:\Users\Yirz\AppData\Local\Programs\MiKTeX 2.9\tex\generic\oberdiek\etexcmds
.sty"
Package: etexcmds 2016/05/16 v1.6 Avoid name clashes with e-TeX commands (HO)
Package etexcmds Info: Could not find \expanded.
(etexcmds)             That can mean that you are not using pdfTeX 1.50 or
(etexcmds)             that some package has redefined \expanded.
(etexcmds)             In the latter case, load this package earlier.
)))
Package grffile Info: Option `multidot' is set to `true'.
Package grffile Info: Option `extendedchars' is set to `false'.
Package grffile Info: Option `space' is set to `true'.
Package grffile Info: \Gin@ii of package `graphicx' fixed on input line 494.
)
("C:\Users\Yirz\AppData\Local\Programs\MiKTeX 2.9\tex\latex\tools\tabularx.sty"
Package: tabularx 2016/02/03 v2.11 `tabularx' package (DPC)
("C:\Users\Yirz\AppData\Local\Programs\MiKTeX 2.9\tex\latex\tools\array.sty"
Package: array 2016/10/06 v2.4d Tabular extension package (FMi)
\col@sep=\dimen128
\extrarowheight=\dimen129
\NC@list=\toks35
\extratabsurround=\skip90
\backup@length=\skip91
)
\TX@col@width=\dimen130
\TX@old@table=\dimen131
\TX@old@col=\dimen132
\TX@target=\dimen133
\TX@delta=\dimen134
\TX@cols=\count118
\TX@ftn=\toks36
)
("C:\Users\Yirz\AppData\Local\Programs\MiKTeX 2.9\tex\latex\tocbibind\tocbibind
.sty"
Package: tocbibind 2010/10/13 v1.5k extra ToC listings
Package tocbibind Info: The document has section divisions on input line 50.


Package tocbibind Note: Using section or other style headings.

)
("C:\Users\Yirz\AppData\Local\Programs\MiKTeX 2.9\tex\latex\listings\lstlang1.s
ty"
File: lstlang1.sty 2015/06/04 1.6 listings language file
)
("C:\Users\Yirz\AppData\Local\Programs\MiKTeX 2.9\tex\latex\listings\lstmisc.st
y"
File: lstmisc.sty 2015/06/04 1.6 (Carsten Heinz)
) (main.aux
LaTeX Info: Redefining \. on input line 7.
LaTeX Info: Redefining \% on input line 7.
)
\openout1 = `main.aux'.

LaTeX Font Info:    Checking defaults for OML/cmm/m/it on input line 72.
LaTeX Font Info:    ... okay on input line 72.
LaTeX Font Info:    Checking defaults for T1/cmr/m/n on input line 72.
LaTeX Font Info:    ... okay on input line 72.
LaTeX Font Info:    Checking defaults for OT1/cmr/m/n on input line 72.
LaTeX Font Info:    ... okay on input line 72.
LaTeX Font Info:    Checking defaults for OMS/cmsy/m/n on input line 72.
LaTeX Font Info:    ... okay on input line 72.
LaTeX Font Info:    Checking defaults for OMX/cmex/m/n on input line 72.
LaTeX Font Info:    ... okay on input line 72.
LaTeX Font Info:    Checking defaults for U/cmr/m/n on input line 72.
LaTeX Font Info:    ... okay on input line 72.
LaTeX Info: Redefining \. on input line 72.
LaTeX Info: Redefining \% on input line 72.

("C:\Users\Yirz\AppData\Local\Programs\MiKTeX 2.9\tex\context\base\supp-pdf.mki
i"
[Loading MPS to PDF converter (version 2006.09.02).]
\scratchcounter=\count119
\scratchdimen=\dimen135
\scratchbox=\box33
\nofMPsegments=\count120
\nofMParguments=\count121
\everyMPshowfont=\toks37
\MPscratchCnt=\count122
\MPscratchDim=\dimen136
\MPnumerator=\count123
\makeMPintoPDFobject=\count124
\everyMPtoPDFconversion=\toks38
)
("C:\Users\Yirz\AppData\Local\Programs\MiKTeX 2.9\tex\latex\oberdiek\epstopdf-b
ase.sty"
Package: epstopdf-base 2016/05/15 v2.6 Base part for package epstopdf

("C:\Users\Yirz\AppData\Local\Programs\MiKTeX 2.9\tex\latex\oberdiek\grfext.sty
"
Package: grfext 2016/05/16 v1.2 Manage graphics extensions (HO)

("C:\Users\Yirz\AppData\Local\Programs\MiKTeX 2.9\tex\generic\oberdiek\kvdefine
keys.sty"
Package: kvdefinekeys 2016/05/16 v1.4 Define keys (HO)
))
Package epstopdf-base Info: Redefining graphics rule for `.eps' on input line 4
38.
Package grfext Info: Graphics extension search list:
(grfext)             [.pdf,.png,.jpg,.mps,.jpeg,.jbig2,.jb2,.PDF,.PNG,.JPG,.JPE
G,.JBIG2,.JB2,.eps]
(grfext)             \AppendGraphicsExtensions on input line 456.
)
*geometry* driver: auto-detecting
*geometry* detected driver: pdftex
*geometry* verbose mode - [ preamble ] result:
* driver: pdftex
* paper: <default>
* layout: <same size as paper>
* layoutoffset:(h,v)=(0.0pt,0.0pt)
* modes: 
* h-part:(L,W,R)=(65.04256pt, 484.20988pt, 65.04256pt)
* v-part:(T,H,B)=(65.04256pt, 664.88487pt, 65.04256pt)
* \paperwidth=614.295pt
* \paperheight=794.96999pt
* \textwidth=484.20988pt
* \textheight=664.88487pt
* \oddsidemargin=-7.22743pt
* \evensidemargin=-7.22743pt
* \topmargin=-44.22743pt
* \headheight=15.0pt
* \headsep=25.0pt
* \topskip=12.0pt
* \footskip=30.0pt
* \marginparwidth=44.0pt
* \marginparsep=10.0pt
* \columnsep=10.0pt
* \skip\footins=10.8pt plus 4.0pt minus 2.0pt
* \hoffset=0.0pt
* \voffset=0.0pt
* \mag=1000
* \@twocolumnfalse
* \@twosidefalse
* \@mparswitchfalse
* \@reversemarginfalse
* (1in=72.27pt=25.4mm, 1cm=28.453pt)

\c@lstlisting=\count125
<ipn.png, id=1, 254.8722pt x 367.1316pt>
File: ipn.png Graphic file (type png)
<use ipn.png>
Package pdftex.def Info: ipn.png  used on input line 82.
(pdftex.def)             Requested size: 72.63222pt x 104.62238pt.
LaTeX Font Info:    Try loading font information for U+msa on input line 84.
("C:\Users\Yirz\AppData\Local\Programs\MiKTeX 2.9\tex\latex\amsfonts\umsa.fd"
File: umsa.fd 2013/01/14 v3.01 AMS symbols A
)
LaTeX Font Info:    Try loading font information for U+msb on input line 84.

("C:\Users\Yirz\AppData\Local\Programs\MiKTeX 2.9\tex\latex\amsfonts\umsb.fd"
File: umsb.fd 2013/01/14 v3.01 AMS symbols B
)
<escom.png, id=3, 276.03125pt x 70.2625pt>
File: escom.png Graphic file (type png)
<use escom.png>
Package pdftex.def Info: escom.png  used on input line 87.
(pdftex.def)             Requested size: 186.42102pt x 47.45514pt.

Overfull \hbox (24.21196pt too wide) in paragraph at lines 79--90
 []$$[]$ 
 []

[1

{C:/Users/Yirz/AppData/Local/MiKTeX/2.9/pdftex/config/pdftex.map} <./ipn.png> <
./escom.png>] (main.toc
LaTeX Info: Redefining \. on input line 1.
LaTeX Info: Redefining \% on input line 1.
)
\tf@toc=\write3
\openout3 = `main.toc'.

 [1] [2] [3]

! LaTeX Error: There's no line here to end.

See the LaTeX manual or LaTeX Companion for explanation.
Type  H <return>  for immediate help.
 ...                                              
                                                  
l.172 
      
? 
[4]
<1.png, id=27, 822.07124pt x 513.92pt>
File: 1.png Graphic file (type png)
<use 1.png>
Package pdftex.def Info: 1.png  used on input line 201.
(pdftex.def)             Requested size: 411.0346pt x 256.95937pt.
<2.png, id=28, 820.06375pt x 517.935pt>
File: 2.png Graphic file (type png)
<use 2.png>
Package pdftex.def Info: 2.png  used on input line 205.
(pdftex.def)             Requested size: 410.03087pt x 258.96686pt.
<3.png, id=29, 822.07124pt x 516.93124pt>
File: 3.png Graphic file (type png)
<use 3.png>
Package pdftex.def Info: 3.png  used on input line 207.
(pdftex.def)             Requested size: 411.0346pt x 258.46498pt.
 [5 <./1.png> <./2.png>]
<4.png, id=35, 821.0675pt x 483.8075pt>
File: 4.png Graphic file (type png)
<use 4.png>
Package pdftex.def Info: 4.png  used on input line 211.
(pdftex.def)             Requested size: 410.53275pt x 241.90315pt.
 [6 <./3.png> <./4.png>]
<5.png, id=42, 820.06375pt x 479.7925pt>
File: 5.png Graphic file (type png)
<use 5.png>
Package pdftex.def Info: 5.png  used on input line 215.
(pdftex.def)             Requested size: 410.03087pt x 239.89565pt.
<6.png, id=43, 817.0525pt x 508.90125pt>
File: 6.png Graphic file (type png)
<use 6.png>
Package pdftex.def Info: 6.png  used on input line 219.
(pdftex.def)             Requested size: 408.52525pt x 254.45pt.
 [7 <./5.png> <./6.png>]
<8.png, id=49, 825.0825pt x 515.9275pt>
File: 8.png Graphic file (type png)
<use 8.png>
Package pdftex.def Info: 8.png  used on input line 225.
(pdftex.def)             Requested size: 412.54024pt x 257.96312pt.
<9.png, id=50, 822.07124pt x 518.93875pt>
File: 9.png Graphic file (type png)
<use 9.png>
Package pdftex.def Info: 9.png  used on input line 229.
(pdftex.def)             Requested size: 411.0346pt x 259.46873pt.

[8 <./8.png> <./9.png>]
<10.png, id=56, 823.075pt x 518.93875pt>
File: 10.png Graphic file (type png)
<use 10.png>
Package pdftex.def Info: 10.png  used on input line 235.
(pdftex.def)             Requested size: 411.53648pt x 259.46873pt.
LaTeX Font Info:    Try loading font information for OMS+cmr on input line 241.


("C:\Users\Yirz\AppData\Local\Programs\MiKTeX 2.9\tex\latex\base\omscmr.fd"
File: omscmr.fd 2014/09/29 v2.5h Standard LaTeX font definitions
)
LaTeX Font Info:    Font shape `OMS/cmr/m/n' in size <12> not available
(Font)              Font shape `OMS/cmsy/m/n' tried instead on input line 241.

[9 <./10.png>] [10]
<Imagenes/Linux/HolaMundo.png, id=65, 736.7525pt x 500.87125pt>
File: Imagenes/Linux/HolaMundo.png Graphic file (type png)
<use Imagenes/Linux/HolaMundo.png>
Package pdftex.def Info: Imagenes/Linux/HolaMundo.png  used on input line 354.
(pdftex.def)             Requested size: 368.37535pt x 250.435pt.
 [11]
<Imagenes/Linux/Parentesis.png, id=69, 736.7525pt x 500.87125pt>
File: Imagenes/Linux/Parentesis.png Graphic file (type png)
<use Imagenes/Linux/Parentesis.png>
Package pdftex.def Info: Imagenes/Linux/Parentesis.png  used on input line 358.

(pdftex.def)             Requested size: 442.05492pt x 300.52505pt.
 [12 <./Imagenes/Linux/HolaMundo.png> <./Imagenes/Linux/Parentesis.png>]
<Imagenes/Linux/Rombo.png, id=76, 736.7525pt x 500.87125pt>
File: Imagenes/Linux/Rombo.png Graphic file (type png)
<use Imagenes/Linux/Rombo.png>
Package pdftex.def Info: Imagenes/Linux/Rombo.png  used on input line 362.
(pdftex.def)             Requested size: 442.05492pt x 300.52505pt.
<Imagenes/Linux/TorresHanoi.png, id=77, 736.7525pt x 500.87125pt>
File: Imagenes/Linux/TorresHanoi.png Graphic file (type png)
<use Imagenes/Linux/TorresHanoi.png>
Package pdftex.def Info: Imagenes/Linux/TorresHanoi.png  used on input line 365
.
(pdftex.def)             Requested size: 442.05492pt x 300.52505pt.

Underfull \hbox (badness 10000) in paragraph at lines 364--367

 []

<Imagenes/Linux/Operaciones.png, id=78, 736.7525pt x 500.87125pt>
File: Imagenes/Linux/Operaciones.png Graphic file (type png)
<use Imagenes/Linux/Operaciones.png>
Package pdftex.def Info: Imagenes/Linux/Operaciones.png  used on input line 368
.
(pdftex.def)             Requested size: 442.05492pt x 300.52505pt.
[13 <./Imagenes/Linux/Rombo.png> <./Imagenes/Linux/TorresHanoi.png>] [14 <./Ima
genes/Linux/Operaciones.png>]

! LaTeX Error: There's no line here to end.

See the LaTeX manual or LaTeX Companion for explanation.
Type  H <return>  for immediate help.
 ...                                              
                                                  
l.378 		\begin
              {tabular}{
? 

Underfull \hbox (badness 10000) in paragraph at lines 378--401

 []

[15]

! LaTeX Error: There's no line here to end.

See the LaTeX manual or LaTeX Companion for explanation.
Type  H <return>  for immediate help.
 ...                                              
                                                  
l.403 		\begin
              {itemize}
? 
<Imagenes/Windows/dir.jpg, id=91, 728.7225pt x 392.21532pt>
File: Imagenes/Windows/dir.jpg Graphic file (type jpg)
<use Imagenes/Windows/dir.jpg>
Package pdftex.def Info: Imagenes/Windows/dir.jpg  used on input line 406.
(pdftex.def)             Requested size: 437.23688pt x 235.331pt.
<Imagenes/Windows/ipconfig.jpg, id=92, 736.25063pt x 383.93437pt>
File: Imagenes/Windows/ipconfig.jpg Graphic file (type jpg)
<use Imagenes/Windows/ipconfig.jpg>
Package pdftex.def Info: Imagenes/Windows/ipconfig.jpg  used on input line 409.

(pdftex.def)             Requested size: 441.75378pt x 230.3624pt.
[16 <./Imagenes/Windows/dir.jpg> <./Imagenes/Windows/ipconfig.jpg>]
<Imagenes/Windows/cls.jpg, id=96, 731.73375pt x 370.38374pt>
File: Imagenes/Windows/cls.jpg Graphic file (type jpg)
<use Imagenes/Windows/cls.jpg>
Package pdftex.def Info: Imagenes/Windows/cls.jpg  used on input line 413.
(pdftex.def)             Requested size: 439.04364pt x 222.23195pt.
<Imagenes/Windows/ver.jpg, id=97, 736.25063pt x 240.9pt>
File: Imagenes/Windows/ver.jpg Graphic file (type jpg)
<use Imagenes/Windows/ver.jpg>
Package pdftex.def Info: Imagenes/Windows/ver.jpg  used on input line 416.
(pdftex.def)             Requested size: 441.75378pt x 144.5411pt.
<Imagenes/Windows/tree.jpg, id=98, 727.21687pt x 388.45125pt>
File: Imagenes/Windows/tree.jpg Graphic file (type jpg)
<use Imagenes/Windows/tree.jpg>
Package pdftex.def Info: Imagenes/Windows/tree.jpg  used on input line 419.
(pdftex.def)             Requested size: 363.60754pt x 194.22514pt.

Underfull \hbox (badness 10000) in paragraph at lines 419--420

 []

[17 <./Imagenes/Windows/cls.jpg> <./Imagenes/Windows/ver.jpg> <./Imagenes/Windo
ws/tree.jpg>]
<Imagenes/Windows/cd.jpg, id=102, 731.73375pt x 379.4175pt>
File: Imagenes/Windows/cd.jpg Graphic file (type jpg)
<use Imagenes/Windows/cd.jpg>
Package pdftex.def Info: Imagenes/Windows/cd.jpg  used on input line 422.
(pdftex.def)             Requested size: 439.04364pt x 227.65225pt.
<Imagenes/Windows/type.jpg, id=103, 734.745pt x 379.4175pt>
File: Imagenes/Windows/type.jpg Graphic file (type jpg)
<use Imagenes/Windows/type.jpg>
Package pdftex.def Info: Imagenes/Windows/type.jpg  used on input line 425.
(pdftex.def)             Requested size: 440.85039pt x 227.65225pt.
 [18 <./Imagenes/Windows/cd.jpg> <./Imagenes/Windows/type.jpg>]
<Imagenes/Windows/mkdir.jpg, id=108, 734.745pt x 223.58531pt>
File: Imagenes/Windows/mkdir.jpg Graphic file (type jpg)
<use Imagenes/Windows/mkdir.jpg>
Package pdftex.def Info: Imagenes/Windows/mkdir.jpg  used on input line 429.
(pdftex.def)             Requested size: 440.85039pt x 134.1522pt.
<Imagenes/Windows/rmdir.jpg, id=109, 746.79pt x 281.55188pt>
File: Imagenes/Windows/rmdir.jpg Graphic file (type jpg)
<use Imagenes/Windows/rmdir.jpg>
Package pdftex.def Info: Imagenes/Windows/rmdir.jpg  used on input line 433.
(pdftex.def)             Requested size: 448.07745pt x 168.93242pt.
<Imagenes/Windows/del.jpg, id=110, 731.73375pt x 256.70906pt>
File: Imagenes/Windows/del.jpg Graphic file (type jpg)
<use Imagenes/Windows/del.jpg>
Package pdftex.def Info: Imagenes/Windows/del.jpg  used on input line 436.
(pdftex.def)             Requested size: 439.04364pt x 154.02661pt.

[19 <./Imagenes/Windows/mkdir.jpg> <./Imagenes/Windows/rmdir.jpg> <./Imagenes/W
indows/del.jpg>]
<Imagenes/Windows/copy.jpg, id=114, 737.75626pt x 382.42876pt>
File: Imagenes/Windows/copy.jpg Graphic file (type jpg)
<use Imagenes/Windows/copy.jpg>
Package pdftex.def Info: Imagenes/Windows/copy.jpg  used on input line 440.
(pdftex.def)             Requested size: 442.65717pt x 229.45901pt.
<Imagenes/Windows/ren.jpg, id=115, 737.00343pt x 175.40532pt>
File: Imagenes/Windows/ren.jpg Graphic file (type jpg)
<use Imagenes/Windows/ren.jpg>
Package pdftex.def Info: Imagenes/Windows/ren.jpg  used on input line 443.
(pdftex.def)             Requested size: 442.20547pt x 105.24399pt.
<Imagenes/Windows/chdir.jpg, id=116, 740.7675pt x 382.42876pt>
File: Imagenes/Windows/chdir.jpg Graphic file (type jpg)
<use Imagenes/Windows/chdir.jpg>
Package pdftex.def Info: Imagenes/Windows/chdir.jpg  used on input line 446.
(pdftex.def)             Requested size: 444.46393pt x 229.45901pt.

Underfull \hbox (badness 10000) in paragraph at lines 446--448

 []

[20 <./Imagenes/Windows/copy.jpg> <./Imagenes/Windows/ren.jpg> <./Imagenes/Wind
ows/chdir.jpg>]
<Imagenes/Windows/echo.jpg, id=120, 739.26187pt x 239.39438pt>
File: Imagenes/Windows/echo.jpg Graphic file (type jpg)
<use Imagenes/Windows/echo.jpg>
Package pdftex.def Info: Imagenes/Windows/echo.jpg  used on input line 450.
(pdftex.def)             Requested size: 443.56053pt x 143.63773pt.
<Imagenes/Windows/find.jpg, id=121, 739.26187pt x 255.20343pt>
File: Imagenes/Windows/find.jpg Graphic file (type jpg)
<use Imagenes/Windows/find.jpg>
Package pdftex.def Info: Imagenes/Windows/find.jpg  used on input line 454.
(pdftex.def)             Requested size: 443.56053pt x 153.12323pt.
 [21 <./Imagenes/Windows/echo.jpg> <./Imagenes/Windows/find.jpg>]
<Imagenes/Windows/MinGw.PNG, id=125, 1028.34187pt x 550.30594pt>
File: Imagenes/Windows/MinGw.PNG Graphic file (type png)
<use Imagenes/Windows/MinGw.PNG>
Package pdftex.def Info: Imagenes/Windows/MinGw.PNG  used on input line 462.
(pdftex.def)             Requested size: 514.16968pt x 275.1523pt.

Overfull \hbox (59.33449pt too wide) in paragraph at lines 462--463
[][] 
 []

<Imagenes/Windows/Bin.JPG, id=126, 740.0147pt x 386.94562pt>
File: Imagenes/Windows/Bin.JPG Graphic file (type jpg)
<use Imagenes/Windows/Bin.JPG>
Package pdftex.def Info: Imagenes/Windows/Bin.JPG  used on input line 466.
(pdftex.def)             Requested size: 444.01225pt x 232.16916pt.
[22 <./Imagenes/Windows/MinGw.PNG> <./Imagenes/Windows/Bin.JPG>]
<Imagenes/Windows/HolaMundo.JPG, id=131, 738.50906pt x 385.44pt>
File: Imagenes/Windows/HolaMundo.JPG Graphic file (type jpg)
<use Imagenes/Windows/HolaMundo.JPG>
Package pdftex.def Info: Imagenes/Windows/HolaMundo.JPG  used on input line 473
.
(pdftex.def)             Requested size: 443.10886pt x 231.26578pt.

Overfull \hbox (14.12335pt too wide) in paragraph at lines 473--474
[][] 
 []

<Imagenes/Windows/Parentesis.JPG, id=132, 737.75626pt x 383.93437pt>
File: Imagenes/Windows/Parentesis.JPG Graphic file (type jpg)
<use Imagenes/Windows/Parentesis.JPG>
Package pdftex.def Info: Imagenes/Windows/Parentesis.JPG  used on input line 47
7.
(pdftex.def)             Requested size: 442.65717pt x 230.3624pt.

Overfull \hbox (13.67166pt too wide) in paragraph at lines 477--478
[][] 
 []

[23 <./Imagenes/Windows/HolaMundo.JPG> <./Imagenes/Windows/Parentesis.JPG>]
<Imagenes/Windows/Asteriscos.JPG, id=136, 734.745pt x 385.44pt>
File: Imagenes/Windows/Asteriscos.JPG Graphic file (type jpg)
<use Imagenes/Windows/Asteriscos.JPG>
Package pdftex.def Info: Imagenes/Windows/Asteriscos.JPG  used on input line 48
1.
(pdftex.def)             Requested size: 440.85039pt x 231.26578pt.

Overfull \hbox (11.86488pt too wide) in paragraph at lines 481--482
[][] 
 []

<Imagenes/Windows/TorresHanoi.JPG, id=137, 740.0147pt x 383.18156pt>
File: Imagenes/Windows/TorresHanoi.JPG Graphic file (type jpg)
<use Imagenes/Windows/TorresHanoi.JPG>
Package pdftex.def Info: Imagenes/Windows/TorresHanoi.JPG  used on input line 4
85.
(pdftex.def)             Requested size: 444.01225pt x 229.9107pt.

Overfull \hbox (15.02675pt too wide) in paragraph at lines 485--486
[][] 
 []

[24 <./Imagenes/Windows/Asteriscos.JPG> <./Imagenes/Windows/TorresHanoi.JPG>]
<Imagenes/Windows/Operaciones.JPG, id=142, 736.25063pt x 386.94562pt>
File: Imagenes/Windows/Operaciones.JPG Graphic file (type jpg)
<use Imagenes/Windows/Operaciones.JPG>
Package pdftex.def Info: Imagenes/Windows/Operaciones.JPG  used on input line 4
88.
(pdftex.def)             Requested size: 441.75378pt x 232.16916pt.

Overfull \hbox (12.76828pt too wide) in paragraph at lines 487--489
[] 
 []

[25 <./Imagenes/Windows/Operaciones.JPG>] (Codigos/HolaMundo.c
LaTeX Font Info:    Font shape `OT1/cmtt/bx/n' in size <10> not available
(Font)              Font shape `OT1/cmtt/m/n' tried instead on input line 1.
)
(Codigos/Rombo.c
Overfull \hbox (201.21364pt too wide) in paragraph at lines 4--5
[][][][][][][][][][][][][][][][][][][][][][][][][][][][][][][][][][][][][][][][
][][][][][][][][][][][][][][][][][][][][][][][][][][][][][][][][][][][][][][][]
[][][][][][][][][][][][][][][][]  
 []

[26] [27] [28] [29]) (Codigos/TADPilaDin.h) (Codigos/TADPilaDin.c [30] [31])
(Codigos/Parentesis.c [32]) (Codigos/TorresHanoi.c [33]) (Codigos/main.c
[34] [35]
Overfull \hbox (94.11383pt too wide) in paragraph at lines 116--117
[][][][][][][][][][][][][][][][][][][][][][][][][][][][][][][][][][][][][][][][
][][][][][][][][][][][][][][][][][][][][][][][][][][][][][][][][][][][][][][][]
[][][][][][][][][][][][][][][][][][][][][][][][][][][][][][][][][][][][][][][][
][][][][][][][][][][][][][][][][][][][][][][][][]  
 []


Overfull \hbox (144.51373pt too wide) in paragraph at lines 121--122
[][][][][][][][][][][][][][][][][][][][][][][][][][][][][][][][][][][][][][][][
][][][][][][][][][][][][][][][][][][][][][][][][][][][][][][][][][][][][][][][]
[][][][][][][][][][][][][][][][][][][][][][][][][][][][][][][][][][][][][][][][
][][][][][][][][][][][][][][][][][][][][][][][][]  
 []

[36] [37] [38] [39])
Underfull \hbox (badness 1675) in paragraph at lines 523--524
\OT1/cmr/m/n/12 de asis-ten-cia de-pen-den de las
 []


Underfull \hbox (badness 1365) in paragraph at lines 525--526
[]|\OT1/cmr/m/n/12 Solucion in-te-gra-da (ter-mi-nal y
 []


Underfull \hbox (badness 4168) in paragraph at lines 526--527
[]|\OT1/cmr/m/n/12 Soporta pro-gra-mas ha-bi-tua-les;
 []


Underfull \hbox (badness 10000) in paragraph at lines 526--527
\OT1/cmr/m/n/12 po-si-bi-li-dad de uti-li-zar
 []


Underfull \hbox (badness 1033) in paragraph at lines 528--529
\OT1/cmr/m/n/12 nor-mal-men-te pa-ra los sis-te-mas
 []


Underfull \hbox (badness 2790) in paragraph at lines 529--530
\OT1/cmr/m/n/12 los con-tro-la-do-res de hard-wa-re
 []


Underfull \hbox (badness 10000) in paragraph at lines 531--532
\OT1/cmr/m/n/12 sis-te-ma; las vul-ne-ra-bi-li-da-des
 []


Underfull \hbox (badness 10000) in paragraph at lines 531--532
\OT1/cmr/m/n/12 co-no-ci-das se so-lu-cio-nan
 []


Underfull \hbox (badness 2237) in paragraph at lines 532--532
[]|\OT1/cmr/m/n/12 Asistencia a lar-go pla-zo pa-ra
 []


Underfull \hbox (badness 2538) in paragraph at lines 533--533
[]|\OT1/cmr/m/n/12 El sis-te-ma y sus apli-ca-cio-nes
 []


Underfull \hbox (badness 10000) in paragraph at lines 533--533
\OT1/cmr/m/n/12 al-go que di-fie-re de los
 []


Underfull \hbox (badness 1715) in paragraph at lines 533--533
\OT1/cmr/m/n/12 com-po-nen-tes de la API y de
 []


Underfull \hbox (badness 10000) in paragraph at lines 533--534
[]|\OT1/cmr/m/n/12 Se co-no-ce el codi-go fuen-te
 []


Underfull \hbox (badness 1490) in paragraph at lines 533--534
\OT1/cmr/m/n/12 la ma-yora de ma-nua-les y de
 []


Underfull \hbox (badness 3078) in paragraph at lines 533--534
\OT1/cmr/m/n/12 pagi-nas in-for-ma-ti-vas estan en
 []


Overfull \hbox (30.30788pt too wide) in paragraph at lines 518--537
[] 
 []

[40] [41] (main.aux
LaTeX Info: Redefining \. on input line 7.
LaTeX Info: Redefining \% on input line 7.
) ) 
Here is how much of TeX's memory you used:
 8108 strings out of 493305
 112935 string characters out of 3130237
 374891 words of memory out of 3000000
 11464 multiletter control sequences out of 15000+200000
 14634 words of font info for 57 fonts, out of 3000000 for 9000
 1141 hyphenation exceptions out of 8191
 34i,13n,56p,575b,1705s stack positions out of 5000i,500n,10000p,200000b,50000s
<C:/Users/Yirz/AppData/Local/Programs/MiKTeX 2.9/fonts/type1/public/amsfonts
/cm/cmbx12.pfb><C:/Users/Yirz/AppData/Local/Programs/MiKTeX 2.9/fonts/type1/pub
lic/amsfonts/cm/cmcsc10.pfb><C:/Users/Yirz/AppData/Local/Programs/MiKTeX 2.9/fo
nts/type1/public/amsfonts/cm/cmitt10.pfb><C:/Users/Yirz/AppData/Local/Programs/
MiKTeX 2.9/fonts/type1/public/amsfonts/cm/cmr12.pfb><C:/Users/Yirz/AppData/Loca
l/Programs/MiKTeX 2.9/fonts/type1/public/amsfonts/cm/cmr17.pfb><C:/Users/Yirz/A
ppData/Local/Programs/MiKTeX 2.9/fonts/type1/public/amsfonts/cm/cmsy10.pfb><C:/
Users/Yirz/AppData/Local/Programs/MiKTeX 2.9/fonts/type1/public/amsfonts/cm/cmt
i12.pfb><C:/Users/Yirz/AppData/Local/Programs/MiKTeX 2.9/fonts/type1/public/ams
fonts/cm/cmtt10.pfb>
Output written on main.pdf (42 pages, 2120766 bytes).
PDF statistics:
 226 PDF objects out of 1000 (max. 8388607)
 0 named destinations out of 1000 (max. 500000)
 191 words of extra memory for PDF output out of 10000 (max. 10000000)

